{
  "stats": {
    "suites": 1,
    "tests": 2,
    "passes": 2,
    "pending": 0,
    "failures": 0,
    "start": "2025-05-06T18:24:43.035Z",
    "end": "2025-05-06T18:24:48.982Z",
    "duration": 5947,
    "testsRegistered": 2,
    "passPercent": 100,
    "pendingPercent": 0,
    "other": 0,
    "hasOther": false,
    "skipped": 0,
    "hasSkipped": false
  },
  "results": [
    {
      "uuid": "3db5d461-cc22-4e4e-abc3-cdb5806f601e",
      "title": "",
      "fullFile": "cypress\\e2e\\login spec.cy.js",
      "file": "cypress\\e2e\\login spec.cy.js",
      "beforeHooks": [],
      "afterHooks": [],
      "tests": [],
      "suites": [
        {
          "uuid": "d30508ae-0557-4305-a7c3-82a220957011",
          "title": "Sauce Demo Tests",
          "fullFile": "",
          "file": "",
          "beforeHooks": [],
          "afterHooks": [],
          "tests": [
            {
              "title": "Login and verify landing on home page",
              "fullTitle": "Sauce Demo Tests Login and verify landing on home page",
              "timedOut": null,
              "duration": 3843,
              "state": "passed",
              "speed": "fast",
              "pass": true,
              "fail": false,
              "pending": false,
              "context": null,
              "code": "loginPage.visit();\nloginPage.enterUsername('standard_user');\nloginPage.enterPassword('secret_sauce');\nloginPage.clickLogin();\nproductsPage.getTitle().should('have.text', 'Products');",
              "err": {},
              "uuid": "b5605cf3-42a2-4905-a014-58e154d091fd",
              "parentUUID": "d30508ae-0557-4305-a7c3-82a220957011",
              "isHook": false,
              "skipped": false
            },
            {
              "title": "Click on a product and verify navigation to product page",
              "fullTitle": "Sauce Demo Tests Click on a product and verify navigation to product page",
              "timedOut": null,
              "duration": 1856,
              "state": "passed",
              "speed": "fast",
              "pass": true,
              "fail": false,
              "pending": false,
              "context": null,
              "code": "cy.login('standard_user', 'secret_sauce'); // using custom command\nproductsPage.clickProduct('Sauce Labs Backpack');\nproductsPage.getProductDetailTitle().should('contain.text', 'Sauce Labs Backpack');",
              "err": {},
              "uuid": "324524d4-7b14-4ab8-a690-4db07cac3945",
              "parentUUID": "d30508ae-0557-4305-a7c3-82a220957011",
              "isHook": false,
              "skipped": false
            }
          ],
          "suites": [],
          "passes": [
            "b5605cf3-42a2-4905-a014-58e154d091fd",
            "324524d4-7b14-4ab8-a690-4db07cac3945"
          ],
          "failures": [],
          "pending": [],
          "skipped": [],
          "duration": 5699,
          "root": false,
          "rootEmpty": false,
          "_timeout": 2000
        }
      ],
      "passes": [],
      "failures": [],
      "pending": [],
      "skipped": [],
      "duration": 0,
      "root": true,
      "rootEmpty": true,
      "_timeout": 2000
    }
  ],
  "meta": {
    "mocha": {
      "version": "7.2.0"
    },
    "mochawesome": {
      "options": {
        "quiet": false,
        "reportFilename": "mochawesome",
        "saveHtml": true,
        "saveJson": true,
        "consoleReporter": "spec",
        "useInlineDiffs": false,
        "code": true
      },
      "version": "7.1.3"
    },
    "marge": {
      "options": {
        "reportDir": "cypress/reports",
        "overwrite": false,
        "html": true,
        "json": true
      },
      "version": "6.2.0"
    }
  }
}